<?xml version="1.0" encoding="UTF-8"?>
<!-- Generated by org.testng.reporters.JUnitReportReporter -->
<testsuite hostname="DESKTOP-CN9FRSB" failures="0" tests="2" name="deekshaRaiMaven.TestPojects.SubmitOrderTest" time="44.429" errors="0" timestamp="2024-04-08T22:33:23 BST" skipped="0">
  <testcase classname="deekshaRaiMaven.TestPojects.SubmitOrderTest" name="SubmitOrder" time="21.582"/>
  <testcase classname="deekshaRaiMaven.TestPojects.SubmitOrderTest" name="SubmitOrder" time="22.847"/>
</testsuite> <!-- deekshaRaiMaven.TestPojects.SubmitOrderTest -->
