<?xml version="1.0" encoding="UTF-8"?>
<!-- Generated by org.testng.reporters.JUnitReportReporter -->
<testsuite hostname="DESKTOP-CN9FRSB" failures="0" tests="1" name="deekshaRaiMaven.TestPojects.ErrorValidations" time="8.200" errors="0" timestamp="2024-04-05T00:01:24 BST" skipped="0">
  <testcase classname="deekshaRaiMaven.TestPojects.ErrorValidations" name="SubmitOrderTest" time="8.200"/>
</testsuite> <!-- deekshaRaiMaven.TestPojects.ErrorValidations -->
