<?xml version="1.0" encoding="UTF-8"?>
<!-- Generated by org.testng.reporters.JUnitReportReporter -->
<testsuite hostname="DESKTOP-CN9FRSB" failures="0" tests="1" name="deekshaRaiMaven.TestProjects.ErrorValidationsTest" time="6.466" errors="0" timestamp="2024-04-14T12:56:24 BST" skipped="0">
  <testcase classname="deekshaRaiMaven.TestProjects.ErrorValidationsTest" name="ErrorTest" time="6.466"/>
</testsuite> <!-- deekshaRaiMaven.TestProjects.ErrorValidationsTest -->
