<?xml version="1.0" encoding="UTF-8"?>
<!-- Generated by org.testng.reporters.JUnitReportReporter -->
<testsuite hostname="DESKTOP-CN9FRSB" failures="0" tests="1" name="deekshaRaiMaven.tests.ErrorValidationsTest" time="5.817" errors="0" timestamp="2024-04-14T23:49:46 BST" skipped="0">
  <testcase classname="deekshaRaiMaven.tests.ErrorValidationsTest" name="ErrorTest" time="5.817"/>
</testsuite> <!-- deekshaRaiMaven.tests.ErrorValidationsTest -->
