<?xml version="1.0" encoding="UTF-8"?>
<!-- Generated by org.testng.reporters.JUnitReportReporter -->
<testsuite hostname="DESKTOP-CN9FRSB" failures="0" tests="1" name="deekshaRaiMaven.ExtentReports.ExtentReportDemo" time="14.798" errors="0" timestamp="2024-04-11T19:29:48 BST" skipped="0">
  <testcase classname="deekshaRaiMaven.ExtentReports.ExtentReportDemo" name="initialDemo" time="14.798"/>
</testsuite> <!-- deekshaRaiMaven.ExtentReports.ExtentReportDemo -->
