<?xml version="1.0" encoding="UTF-8"?>
<!-- Generated by org.testng.reporters.JUnitReportReporter -->
<testsuite hostname="DESKTOP-CN9FRSB" failures="0" tests="2" name="deekshaRaiMaven.TestProjects.SubmitOrderTest" time="44.305" errors="0" timestamp="2024-04-14T12:56:03 BST" skipped="0">
  <testcase classname="deekshaRaiMaven.TestProjects.SubmitOrderTest" name="SubmitOrder" time="23.222"/>
  <testcase classname="deekshaRaiMaven.TestProjects.SubmitOrderTest" name="SubmitOrder" time="21.083"/>
</testsuite> <!-- deekshaRaiMaven.TestProjects.SubmitOrderTest -->
