<?xml version="1.0" encoding="UTF-8"?>
<!-- Generated by org.testng.reporters.JUnitReportReporter -->
<testsuite hostname="DESKTOP-CN9FRSB" failures="0" tests="1" name="deekshaRaiMaven.tests.ErrorValidationsTest" time="8.969" errors="0" timestamp="2024-04-26T01:25:20 BST" skipped="0">
  <testcase classname="deekshaRaiMaven.tests.ErrorValidationsTest" name="ErrorTest" time="8.969"/>
</testsuite> <!-- deekshaRaiMaven.tests.ErrorValidationsTest -->
