<?xml version="1.0" encoding="UTF-8"?>
<!-- Generated by org.testng.reporters.JUnitReportReporter -->
<testsuite hostname="DESKTOP-CN9FRSB" failures="0" tests="1" name="cucumber.TestNGTestRunner" time="9.457" errors="0" timestamp="2024-04-26T01:51:24 BST" skipped="0">
  <testcase classname="cucumber.TestNGTestRunner" name="runScenario" time="9.457"/>
</testsuite> <!-- cucumber.TestNGTestRunner -->
